0 info it worked if it ends with ok
1 verbose cli [ '/home/pc12/.meteor/packages/meteor-tool/.1.4.1_1.139xb76++os.linux.x86_64+web.browser+web.cordova/mt-os.linux.x86_64/dev_bundle/bin/node',
1 verbose cli   '/home/pc12/.meteor/packages/meteor-tool/.1.4.1_1.139xb76++os.linux.x86_64+web.browser+web.cordova/mt-os.linux.x86_64/dev_bundle/bin/npm',
1 verbose cli   'install',
1 verbose cli   '--global',
1 verbose cli   '--production',
1 verbose cli   'windows-build-tools' ]
2 info using npm@3.10.6
3 info using node@v4.5.0
4 silly loadCurrentTree Starting
5 silly install loadCurrentTree
6 silly install readGlobalPackageData
7 silly fetchPackageMetaData windows-build-tools
8 silly fetchNamedPackageData windows-build-tools
9 silly mapToRegistry name windows-build-tools
10 silly mapToRegistry using default registry
11 silly mapToRegistry registry https://registry.npmjs.org/
12 silly mapToRegistry data Result {
12 silly mapToRegistry   raw: 'windows-build-tools',
12 silly mapToRegistry   scope: null,
12 silly mapToRegistry   escapedName: 'windows-build-tools',
12 silly mapToRegistry   name: 'windows-build-tools',
12 silly mapToRegistry   rawSpec: '',
12 silly mapToRegistry   spec: 'latest',
12 silly mapToRegistry   type: 'tag' }
13 silly mapToRegistry uri https://registry.npmjs.org/windows-build-tools
14 verbose request uri https://registry.npmjs.org/windows-build-tools
15 verbose request no auth needed
16 info attempt registry request try #1 at 00:37:05
17 verbose request id d14e705fd1cb2d7e
18 http request GET https://registry.npmjs.org/windows-build-tools
19 http 200 https://registry.npmjs.org/windows-build-tools
20 verbose headers { server: 'nginx/1.10.1',
20 verbose headers   'content-type': 'application/json',
20 verbose headers   'last-modified': 'Sun, 20 Nov 2016 10:57:50 GMT',
20 verbose headers   etag: 'W/"583181ae-c137"',
20 verbose headers   'content-encoding': 'gzip',
20 verbose headers   'cache-control': 'max-age=300',
20 verbose headers   'content-length': '5668',
20 verbose headers   'accept-ranges': 'bytes',
20 verbose headers   date: 'Mon, 28 Nov 2016 17:36:13 GMT',
20 verbose headers   via: '1.1 varnish',
20 verbose headers   age: '0',
20 verbose headers   connection: 'keep-alive',
20 verbose headers   'x-served-by': 'cache-mia1327-MIA',
20 verbose headers   'x-cache': 'MISS',
20 verbose headers   'x-cache-hits': '0',
20 verbose headers   'x-timer': 'S1480354573.847697,VS0,VE33',
20 verbose headers   vary: 'Accept-Encoding' }
21 silly get cb [ 200,
21 silly get   { server: 'nginx/1.10.1',
21 silly get     'content-type': 'application/json',
21 silly get     'last-modified': 'Sun, 20 Nov 2016 10:57:50 GMT',
21 silly get     etag: 'W/"583181ae-c137"',
21 silly get     'content-encoding': 'gzip',
21 silly get     'cache-control': 'max-age=300',
21 silly get     'content-length': '5668',
21 silly get     'accept-ranges': 'bytes',
21 silly get     date: 'Mon, 28 Nov 2016 17:36:13 GMT',
21 silly get     via: '1.1 varnish',
21 silly get     age: '0',
21 silly get     connection: 'keep-alive',
21 silly get     'x-served-by': 'cache-mia1327-MIA',
21 silly get     'x-cache': 'MISS',
21 silly get     'x-cache-hits': '0',
21 silly get     'x-timer': 'S1480354573.847697,VS0,VE33',
21 silly get     vary: 'Accept-Encoding' } ]
22 verbose get saving windows-build-tools to /home/pc12/.meteor/packages/meteor-tool/.1.4.1_1.139xb76++os.linux.x86_64+web.browser+web.cordova/mt-os.linux.x86_64/dev_bundle/.npm/registry.npmjs.org/windows-build-tools/.cache.json
23 verbose correctMkdir /home/pc12/.meteor/packages/meteor-tool/.1.4.1_1.139xb76++os.linux.x86_64+web.browser+web.cordova/mt-os.linux.x86_64/dev_bundle/.npm correctMkdir not in flight; initializing
24 verbose makeDirectory /home/pc12/.meteor/packages/meteor-tool/.1.4.1_1.139xb76++os.linux.x86_64+web.browser+web.cordova/mt-os.linux.x86_64/dev_bundle/.npm creation not in flight; initializing
25 silly makeDirectory /home/pc12/.meteor/packages/meteor-tool/.1.4.1_1.139xb76++os.linux.x86_64+web.browser+web.cordova/mt-os.linux.x86_64/dev_bundle/.npm uid: 1000 gid: 1000
26 silly install normalizeTree
27 silly loadCurrentTree Finishing
28 silly loadIdealTree Starting
29 silly install loadIdealTree
30 silly cloneCurrentTree Starting
31 silly install cloneCurrentTreeToIdealTree
32 silly cloneCurrentTree Finishing
33 silly loadShrinkwrap Starting
34 silly install loadShrinkwrap
35 silly loadShrinkwrap Finishing
36 silly loadAllDepsIntoIdealTree Starting
37 silly install loadAllDepsIntoIdealTree
38 silly rollbackFailedOptional Starting
39 silly rollbackFailedOptional Finishing
40 silly runTopLevelLifecycles Starting
41 silly runTopLevelLifecycles Finishing
42 silly install printInstalled
43 verbose stack Error: Unsupported platform for windows-build-tools@0.6.1: wanted {"name":"windows-build-tools","version":"0.6.1","description":"Install C++ Build Tools for Windows using npm","main":"lib/index.js","scripts":{"test":"standard \"src/*.js\" && npm run build && mocha","postinstall":"node ./lib/index.js","build":"babel src -d lib","prepublish":"npm run build","start":"npm run build && npm run postinstall"},"repository":{"type":"git","url":"git+https://github.com/felixrieseberg/windows-build-tools.git"},"os":["win32"],"keywords":["Windows","Build Tools","node-gyp","native","c++"],"engines":{"node":">=4.0.0"},"author":{"name":"Felix Rieseberg","email":"felix@felixrieseberg.com"},"license":"MIT","bugs":{"url":"https://github.com/felixrieseberg/windows-build-tools/issues"},"homepage":"https://github.com/felixrieseberg/windows-build-tools#readme","devDependencies":{"babel-cli":"^6.10.1","babel-preset-es2015":"^6.9.0","chai":"^3.5.0","chai-as-promised":"^5.3.0","mocha":"^2.5.3","mockery":"^1.7.0","rewire":"^2.5.1","standard":"^7.1.2"},"dependencies":{"chalk":"^1.1.3","cli-spinner":"^0.2.5","debug":"^2.3.0","fs-extra":"^1.0.0","nugget":"^2.0.0"},"gitHead":"c3fac4a76b9427bfb05f7ef0f2439eb4867a0712","_id":"windows-build-tools@0.6.1","_shasum":"89aae7b2a147f3be3babf3f5d8911e42d48945bb","_from":"windows-build-tools","_npmVersion":"3.10.8","_nodeVersion":"6.9.1","_npmUser":{"name":"felixrieseberg","email":"felix@felixrieseberg.com"},"dist":{"shasum":"89aae7b2a147f3be3babf3f5d8911e42d48945bb","tarball":"https://registry.npmjs.org/windows-build-tools/-/windows-build-tools-0.6.1.tgz"},"maintainers":[{"name":"felixrieseberg","email":"felix@felixrieseberg.com"}],"_npmOperationalInternal":{"host":"packages-12-west.internal.npmjs.com","tmp":"tmp/windows-build-tools-0.6.1.tgz_1479515942072_0.7671897695399821"},"directories":{},"_resolved":"https://registry.npmjs.org/windows-build-tools/-/windows-build-tools-0.6.1.tgz","_requested":{"raw":"windows-build-tools","scope":null,"escapedName":"windows-build-tools","name":"windows-build-tools","rawSpec":"","spec":"latest","type":"tag"},"_spec":"windows-build-tools","_where":"/home/pc12/Escritorio/ForoFUP2","_args":[[{"raw":"windows-build-tools","scope":null,"escapedName":"windows-build-tools","name":"windows-build-tools","rawSpec":"","spec":"latest","type":"tag"},"/home/pc12/Escritorio/ForoFUP2"]],"readme":"ERROR: No README data found!"} (current: {"os":"linux","cpu":"x64"})
43 verbose stack     at checkPlatform (/home/pc12/.meteor/packages/meteor-tool/.1.4.1_1.139xb76++os.linux.x86_64+web.browser+web.cordova/mt-os.linux.x86_64/dev_bundle/lib/node_modules/npm/node_modules/npm-install-checks/index.js:45:14)
43 verbose stack     at thenWarnEngineIssues (/home/pc12/.meteor/packages/meteor-tool/.1.4.1_1.139xb76++os.linux.x86_64+web.browser+web.cordova/mt-os.linux.x86_64/dev_bundle/lib/node_modules/npm/lib/install/validate-args.js:41:5)
43 verbose stack     at /home/pc12/.meteor/packages/meteor-tool/.1.4.1_1.139xb76++os.linux.x86_64+web.browser+web.cordova/mt-os.linux.x86_64/dev_bundle/lib/node_modules/npm/node_modules/iferr/index.js:13:50
43 verbose stack     at checkEngine (/home/pc12/.meteor/packages/meteor-tool/.1.4.1_1.139xb76++os.linux.x86_64+web.browser+web.cordova/mt-os.linux.x86_64/dev_bundle/lib/node_modules/npm/node_modules/npm-install-checks/index.js:24:10)
43 verbose stack     at module.exports.isInstallable (/home/pc12/.meteor/packages/meteor-tool/.1.4.1_1.139xb76++os.linux.x86_64+web.browser+web.cordova/mt-os.linux.x86_64/dev_bundle/lib/node_modules/npm/lib/install/validate-args.js:38:3)
43 verbose stack     at Array.<anonymous> (/home/pc12/.meteor/packages/meteor-tool/.1.4.1_1.139xb76++os.linux.x86_64+web.browser+web.cordova/mt-os.linux.x86_64/dev_bundle/lib/node_modules/npm/node_modules/slide/lib/bind-actor.js:15:8)
43 verbose stack     at LOOP (/home/pc12/.meteor/packages/meteor-tool/.1.4.1_1.139xb76++os.linux.x86_64+web.browser+web.cordova/mt-os.linux.x86_64/dev_bundle/lib/node_modules/npm/node_modules/slide/lib/chain.js:15:14)
43 verbose stack     at /home/pc12/.meteor/packages/meteor-tool/.1.4.1_1.139xb76++os.linux.x86_64+web.browser+web.cordova/mt-os.linux.x86_64/dev_bundle/lib/node_modules/npm/node_modules/slide/lib/chain.js:18:7
43 verbose stack     at checkSelf (/home/pc12/.meteor/packages/meteor-tool/.1.4.1_1.139xb76++os.linux.x86_64+web.browser+web.cordova/mt-os.linux.x86_64/dev_bundle/lib/node_modules/npm/lib/install/validate-args.js:46:72)
43 verbose stack     at Array.<anonymous> (/home/pc12/.meteor/packages/meteor-tool/.1.4.1_1.139xb76++os.linux.x86_64+web.browser+web.cordova/mt-os.linux.x86_64/dev_bundle/lib/node_modules/npm/node_modules/slide/lib/bind-actor.js:15:8)
44 verbose pkgid windows-build-tools@0.6.1
45 verbose cwd /home/pc12/Escritorio/ForoFUP2
46 error Linux 4.4.0-21-generic
47 error argv "/home/pc12/.meteor/packages/meteor-tool/.1.4.1_1.139xb76++os.linux.x86_64+web.browser+web.cordova/mt-os.linux.x86_64/dev_bundle/bin/node" "/home/pc12/.meteor/packages/meteor-tool/.1.4.1_1.139xb76++os.linux.x86_64+web.browser+web.cordova/mt-os.linux.x86_64/dev_bundle/bin/npm" "install" "--global" "--production" "windows-build-tools"
48 error node v4.5.0
49 error npm  v3.10.6
50 error code EBADPLATFORM
51 error notsup Not compatible with your operating system or architecture: windows-build-tools@0.6.1
52 error notsup Valid OS:    win32
52 error notsup Valid Arch:  any
52 error notsup Actual OS:   linux
52 error notsup Actual Arch: x64
53 verbose exit [ 1, true ]
